
> people-os@1.0.0 test
> vitest --run


[1m[46m RUN [49m[22m [36mv4.0.16 [39m[90mD:/Project/PEOPLE_OS[39m

stderr | src/modules/leaves/Leaves.test.tsx > Leaves Module > submits a new leave request
An update to Leaves inside a test was not wrapped in act(...).

When testing, code that causes React state updates should be wrapped into act(...):

act(() => {
  /* fire events that update state */
});
/* assert on the output */

This ensures that you're testing the behavior the user would see in the browser. Learn more at https://react.dev/link/wrap-tests-with-act
An update to Leaves inside a test was not wrapped in act(...).

When testing, code that causes React state updates should be wrapped into act(...):

act(() => {
  /* fire events that update state */
});
/* assert on the output */

This ensures that you're testing the behavior the user would see in the browser. Learn more at https://react.dev/link/wrap-tests-with-act
An update to Leaves inside a test was not wrapped in act(...).

When testing, code that causes React state updates should be wrapped into act(...):

act(() => {
  /* fire events that update state */
});
/* assert on the output */

This ensures that you're testing the behavior the user would see in the browser. Learn more at https://react.dev/link/wrap-tests-with-act

 [32mÎ“Â£Ã´[39m src/modules/leaves/Leaves.test.tsx [2m([22m[2m4 tests[22m[2m)[22m[33m 696[2mms[22m[39m
[90mstdout[2m | src/modules/employee/EmployeeInfoTab.test.tsx
[22m[39m[2026-01-22T10:30:25.049Z] [INFO] Enforcing clean slate v3. Clearing local cache...

 [32mÎ“Â£Ã´[39m src/modules/system-settings/admin/__tests__/InfrastructureMonitor.test.tsx [2m([22m[2m2 tests[22m[2m)[22m[33m 353[2mms[22m[39m
stderr | src/modules/employee/EmployeeInfoTab.test.tsx > EmployeeInfoTab > renders Identity Registry and Intelligence Hub correctly
<Star /> is using incorrect casing. Use PascalCase for React components, or lowercase for HTML elements.
The tag <Star> is unrecognized in this browser. If you meant to render a React component, start its name with an uppercase letter.

 [32mÎ“Â£Ã´[39m src/modules/employee/EmployeeInfoTab.test.tsx [2m([22m[2m4 tests[22m[2m)[22m[33m 398[2mms[22m[39m
 [32mÎ“Â£Ã´[39m src/modules/employee/EmployeeList.test.tsx [2m([22m[2m4 tests[22m[2m)[22m[33m 354[2mms[22m[39m
     [33m[2mÎ“Â£Ã´[22m[39m renders the employee table with premium styling [33m 302[2mms[22m[39m
 [32mÎ“Â£Ã´[39m src/modules/system-settings/admin/__tests__/NotificationsManager.test.tsx [2m([22m[2m2 tests[22m[2m)[22m[33m 330[2mms[22m[39m
stderr | src/modules/Dashboard.test.tsx > Dashboard Component > renders the premium Command Center header
The tag <stop> is unrecognized in this browser. If you meant to render a React component, start its name with an uppercase letter.
<linearGradient /> is using incorrect casing. Use PascalCase for React components, or lowercase for HTML elements.
The tag <linearGradient> is unrecognized in this browser. If you meant to render a React component, start its name with an uppercase letter.
The tag <defs> is unrecognized in this browser. If you meant to render a React component, start its name with an uppercase letter.

stderr | src/modules/Dashboard.test.tsx > Dashboard Component > renders the premium Command Center header
An update to Dashboard inside a test was not wrapped in act(...).

When testing, code that causes React state updates should be wrapped into act(...):

act(() => {
  /* fire events that update state */
});
/* assert on the output */

This ensures that you're testing the behavior the user would see in the browser. Learn more at https://react.dev/link/wrap-tests-with-act
An update to Dashboard inside a test was not wrapped in act(...).

When testing, code that causes React state updates should be wrapped into act(...):

act(() => {
  /* fire events that update state */
});
/* assert on the output */

This ensures that you're testing the behavior the user would see in the browser. Learn more at https://react.dev/link/wrap-tests-with-act
An update to Dashboard inside a test was not wrapped in act(...).

When testing, code that causes React state updates should be wrapped into act(...):

act(() => {
  /* fire events that update state */
});
/* assert on the output */

This ensures that you're testing the behavior the user would see in the browser. Learn more at https://react.dev/link/wrap-tests-with-act
An update to Dashboard inside a test was not wrapped in act(...).

When testing, code that causes React state updates should be wrapped into act(...):

act(() => {
  /* fire events that update state */
});
/* assert on the output */

This ensures that you're testing the behavior the user would see in the browser. Learn more at https://react.dev/link/wrap-tests-with-act
An update to Dashboard inside a test was not wrapped in act(...).

When testing, code that causes React state updates should be wrapped into act(...):

act(() => {
  /* fire events that update state */
});
/* assert on the output */

This ensures that you're testing the behavior the user would see in the browser. Learn more at https://react.dev/link/wrap-tests-with-act

stderr | src/modules/Dashboard.test.tsx > Dashboard Component > renders the premium Command Center header
An update to Dashboard inside a test was not wrapped in act(...).

When testing, code that causes React state updates should be wrapped into act(...):

act(() => {
  /* fire events that update state */
});
/* assert on the output */

This ensures that you're testing the behavior the user would see in the browser. Learn more at https://react.dev/link/wrap-tests-with-act
An update to Dashboard inside a test was not wrapped in act(...).

When testing, code that causes React state updates should be wrapped into act(...):

act(() => {
  /* fire events that update state */
});
/* assert on the output */

This ensures that you're testing the behavior the user would see in the browser. Learn more at https://react.dev/link/wrap-tests-with-act
An update to Dashboard inside a test was not wrapped in act(...).

When testing, code that causes React state updates should be wrapped into act(...):

act(() => {
  /* fire events that update state */
});
/* assert on the output */

This ensures that you're testing the behavior the user would see in the browser. Learn more at https://react.dev/link/wrap-tests-with-act
An update to Dashboard inside a test was not wrapped in act(...).

When testing, code that causes React state updates should be wrapped into act(...):

act(() => {
  /* fire events that update state */
});
/* assert on the output */

This ensures that you're testing the behavior the user would see in the browser. Learn more at https://react.dev/link/wrap-tests-with-act
An update to Dashboard inside a test was not wrapped in act(...).

When testing, code that causes React state updates should be wrapped into act(...):

act(() => {
  /* fire events that update state */
});
/* assert on the output */

This ensures that you're testing the behavior the user would see in the browser. Learn more at https://react.dev/link/wrap-tests-with-act

stderr | src/modules/Dashboard.test.tsx > Dashboard Component > displays Personnel and Node metrics correctly
<linearGradient /> is using incorrect casing. Use PascalCase for React components, or lowercase for HTML elements.

stderr | src/modules/Dashboard.test.tsx > Dashboard Component > displays Personnel and Node metrics correctly
An update to Dashboard inside a test was not wrapped in act(...).

When testing, code that causes React state updates should be wrapped into act(...):

act(() => {
  /* fire events that update state */
});
/* assert on the output */

This ensures that you're testing the behavior the user would see in the browser. Learn more at https://react.dev/link/wrap-tests-with-act
An update to Dashboard inside a test was not wrapped in act(...).

When testing, code that causes React state updates should be wrapped into act(...):

act(() => {
  /* fire events that update state */
});
/* assert on the output */

This ensures that you're testing the behavior the user would see in the browser. Learn more at https://react.dev/link/wrap-tests-with-act
An update to Dashboard inside a test was not wrapped in act(...).

When testing, code that causes React state updates should be wrapped into act(...):

act(() => {
  /* fire events that update state */
});
/* assert on the output */

This ensures that you're testing the behavior the user would see in the browser. Learn more at https://react.dev/link/wrap-tests-with-act
An update to Dashboard inside a test was not wrapped in act(...).

When testing, code that causes React state updates should be wrapped into act(...):

act(() => {
  /* fire events that update state */
});
/* assert on the output */

This ensures that you're testing the behavior the user would see in the browser. Learn more at https://react.dev/link/wrap-tests-with-act
An update to Dashboard inside a test was not wrapped in act(...).

When testing, code that causes React state updates should be wrapped into act(...):

act(() => {
  /* fire events that update state */
});
/* assert on the output */

This ensures that you're testing the behavior the user would see in the browser. Learn more at https://react.dev/link/wrap-tests-with-act

stderr | src/modules/Dashboard.test.tsx > Dashboard Component > displays Personnel and Node metrics correctly
An update to Dashboard inside a test was not wrapped in act(...).

When testing, code that causes React state updates should be wrapped into act(...):

act(() => {
  /* fire events that update state */
});
/* assert on the output */

This ensures that you're testing the behavior the user would see in the browser. Learn more at https://react.dev/link/wrap-tests-with-act
An update to Dashboard inside a test was not wrapped in act(...).

When testing, code that causes React state updates should be wrapped into act(...):

act(() => {
  /* fire events that update state */
});
/* assert on the output */

This ensures that you're testing the behavior the user would see in the browser. Learn more at https://react.dev/link/wrap-tests-with-act
An update to Dashboard inside a test was not wrapped in act(...).

When testing, code that causes React state updates should be wrapped into act(...):

act(() => {
  /* fire events that update state */
});
/* assert on the output */

This ensures that you're testing the behavior the user would see in the browser. Learn more at https://react.dev/link/wrap-tests-with-act
An update to Dashboard inside a test was not wrapped in act(...).

When testing, code that causes React state updates should be wrapped into act(...):

act(() => {
  /* fire events that update state */
});
/* assert on the output */

This ensures that you're testing the behavior the user would see in the browser. Learn more at https://react.dev/link/wrap-tests-with-act
An update to Dashboard inside a test was not wrapped in act(...).

When testing, code that causes React state updates should be wrapped into act(...):

act(() => {
  /* fire events that update state */
});
/* assert on the output */

This ensures that you're testing the behavior the user would see in the browser. Learn more at https://react.dev/link/wrap-tests-with-act

stderr | src/modules/Dashboard.test.tsx > Dashboard Component > renders the AI analysis hub
<linearGradient /> is using incorrect casing. Use PascalCase for React components, or lowercase for HTML elements.

stderr | src/modules/Dashboard.test.tsx > Dashboard Component > renders the AI analysis hub
An update to Dashboard inside a test was not wrapped in act(...).

When testing, code that causes React state updates should be wrapped into act(...):

act(() => {
  /* fire events that update state */
});
/* assert on the output */

This ensures that you're testing the behavior the user would see in the browser. Learn more at https://react.dev/link/wrap-tests-with-act
An update to Dashboard inside a test was not wrapped in act(...).

When testing, code that causes React state updates should be wrapped into act(...):

act(() => {
  /* fire events that update state */
});
/* assert on the output */

This ensures that you're testing the behavior the user would see in the browser. Learn more at https://react.dev/link/wrap-tests-with-act
An update to Dashboard inside a test was not wrapped in act(...).

When testing, code that causes React state updates should be wrapped into act(...):

act(() => {
  /* fire events that update state */
});
/* assert on the output */

This ensures that you're testing the behavior the user would see in the browser. Learn more at https://react.dev/link/wrap-tests-with-act
An update to Dashboard inside a test was not wrapped in act(...).

When testing, code that causes React state updates should be wrapped into act(...):

act(() => {
  /* fire events that update state */
});
/* assert on the output */

This ensures that you're testing the behavior the user would see in the browser. Learn more at https://react.dev/link/wrap-tests-with-act
An update to Dashboard inside a test was not wrapped in act(...).

When testing, code that causes React state updates should be wrapped into act(...):

act(() => {
  /* fire events that update state */
});
/* assert on the output */

This ensures that you're testing the behavior the user would see in the browser. Learn more at https://react.dev/link/wrap-tests-with-act

stderr | src/modules/Dashboard.test.tsx > Dashboard Component > renders the AI analysis hub
An update to Dashboard inside a test was not wrapped in act(...).

When testing, code that causes React state updates should be wrapped into act(...):

act(() => {
  /* fire events that update state */
});
/* assert on the output */

This ensures that you're testing the behavior the user would see in the browser. Learn more at https://react.dev/link/wrap-tests-with-act
An update to Dashboard inside a test was not wrapped in act(...).

When testing, code that causes React state updates should be wrapped into act(...):

act(() => {
  /* fire events that update state */
});
/* assert on the output */

This ensures that you're testing the behavior the user would see in the browser. Learn more at https://react.dev/link/wrap-tests-with-act
An update to Dashboard inside a test was not wrapped in act(...).

When testing, code that causes React state updates should be wrapped into act(...):

act(() => {
  /* fire events that update state */
});
/* assert on the output */

This ensures that you're testing the behavior the user would see in the browser. Learn more at https://react.dev/link/wrap-tests-with-act
An update to Dashboard inside a test was not wrapped in act(...).

When testing, code that causes React state updates should be wrapped into act(...):

act(() => {
  /* fire events that update state */
});
/* assert on the output */

This ensures that you're testing the behavior the user would see in the browser. Learn more at https://react.dev/link/wrap-tests-with-act
An update to Dashboard inside a test was not wrapped in act(...).

When testing, code that causes React state updates should be wrapped into act(...):

act(() => {
  /* fire events that update state */
});
/* assert on the output */

This ensures that you're testing the behavior the user would see in the browser. Learn more at https://react.dev/link/wrap-tests-with-act

stderr | src/modules/Dashboard.test.tsx > Dashboard Component > shows system registry status
<linearGradient /> is using incorrect casing. Use PascalCase for React components, or lowercase for HTML elements.

stderr | src/modules/Dashboard.test.tsx > Dashboard Component > shows system registry status
An update to Dashboard inside a test was not wrapped in act(...).

When testing, code that causes React state updates should be wrapped into act(...):

act(() => {
  /* fire events that update state */
});
/* assert on the output */

This ensures that you're testing the behavior the user would see in the browser. Learn more at https://react.dev/link/wrap-tests-with-act
An update to Dashboard inside a test was not wrapped in act(...).

When testing, code that causes React state updates should be wrapped into act(...):

act(() => {
  /* fire events that update state */
});
/* assert on the output */

This ensures that you're testing the behavior the user would see in the browser. Learn more at https://react.dev/link/wrap-tests-with-act
An update to Dashboard inside a test was not wrapped in act(...).

When testing, code that causes React state updates should be wrapped into act(...):

act(() => {
  /* fire events that update state */
});
/* assert on the output */

This ensures that you're testing the behavior the user would see in the browser. Learn more at https://react.dev/link/wrap-tests-with-act
An update to Dashboard inside a test was not wrapped in act(...).

When testing, code that causes React state updates should be wrapped into act(...):

act(() => {
  /* fire events that update state */
});
/* assert on the output */

This ensures that you're testing the behavior the user would see in the browser. Learn more at https://react.dev/link/wrap-tests-with-act
An update to Dashboard inside a test was not wrapped in act(...).

When testing, code that causes React state updates should be wrapped into act(...):

act(() => {
  /* fire events that update state */
});
/* assert on the output */

This ensures that you're testing the behavior the user would see in the browser. Learn more at https://react.dev/link/wrap-tests-with-act

stderr | src/modules/Dashboard.test.tsx > Dashboard Component > shows system registry status
An update to Dashboard inside a test was not wrapped in act(...).

When testing, code that causes React state updates should be wrapped into act(...):

act(() => {
  /* fire events that update state */
});
/* assert on the output */

This ensures that you're testing the behavior the user would see in the browser. Learn more at https://react.dev/link/wrap-tests-with-act
An update to Dashboard inside a test was not wrapped in act(...).

When testing, code that causes React state updates should be wrapped into act(...):

act(() => {
  /* fire events that update state */
});
/* assert on the output */

This ensures that you're testing the behavior the user would see in the browser. Learn more at https://react.dev/link/wrap-tests-with-act
An update to Dashboard inside a test was not wrapped in act(...).

When testing, code that causes React state updates should be wrapped into act(...):

act(() => {
  /* fire events that update state */
});
/* assert on the output */

This ensures that you're testing the behavior the user would see in the browser. Learn more at https://react.dev/link/wrap-tests-with-act
An update to Dashboard inside a test was not wrapped in act(...).

When testing, code that causes React state updates should be wrapped into act(...):

act(() => {
  /* fire events that update state */
});
/* assert on the output */

This ensures that you're testing the behavior the user would see in the browser. Learn more at https://react.dev/link/wrap-tests-with-act
An update to Dashboard inside a test was not wrapped in act(...).

When testing, code that causes React state updates should be wrapped into act(...):

act(() => {
  /* fire events that update state */
});
/* assert on the output */

This ensures that you're testing the behavior the user would see in the browser. Learn more at https://react.dev/link/wrap-tests-with-act

stderr | src/modules/Dashboard.test.tsx > Dashboard Component > renders charts and real-time analytics
<linearGradient /> is using incorrect casing. Use PascalCase for React components, or lowercase for HTML elements.

stderr | src/modules/Dashboard.test.tsx > Dashboard Component > renders charts and real-time analytics
An update to Dashboard inside a test was not wrapped in act(...).

When testing, code that causes React state updates should be wrapped into act(...):

act(() => {
  /* fire events that update state */
});
/* assert on the output */

This ensures that you're testing the behavior the user would see in the browser. Learn more at https://react.dev/link/wrap-tests-with-act
An update to Dashboard inside a test was not wrapped in act(...).

When testing, code that causes React state updates should be wrapped into act(...):

act(() => {
  /* fire events that update state */
});
/* assert on the output */

This ensures that you're testing the behavior the user would see in the browser. Learn more at https://react.dev/link/wrap-tests-with-act
An update to Dashboard inside a test was not wrapped in act(...).

When testing, code that causes React state updates should be wrapped into act(...):

act(() => {
  /* fire events that update state */
});
/* assert on the output */

This ensures that you're testing the behavior the user would see in the browser. Learn more at https://react.dev/link/wrap-tests-with-act
An update to Dashboard inside a test was not wrapped in act(...).

When testing, code that causes React state updates should be wrapped into act(...):

act(() => {
  /* fire events that update state */
});
/* assert on the output */

This ensures that you're testing the behavior the user would see in the browser. Learn more at https://react.dev/link/wrap-tests-with-act
An update to Dashboard inside a test was not wrapped in act(...).

When testing, code that causes React state updates should be wrapped into act(...):

act(() => {
  /* fire events that update state */
});
/* assert on the output */

This ensures that you're testing the behavior the user would see in the browser. Learn more at https://react.dev/link/wrap-tests-with-act

stderr | src/modules/Dashboard.test.tsx > Dashboard Component > renders charts and real-time analytics
An update to Dashboard inside a test was not wrapped in act(...).

When testing, code that causes React state updates should be wrapped into act(...):

act(() => {
  /* fire events that update state */
});
/* assert on the output */

This ensures that you're testing the behavior the user would see in the browser. Learn more at https://react.dev/link/wrap-tests-with-act
An update to Dashboard inside a test was not wrapped in act(...).

When testing, code that causes React state updates should be wrapped into act(...):

act(() => {
  /* fire events that update state */
});
/* assert on the output */

This ensures that you're testing the behavior the user would see in the browser. Learn more at https://react.dev/link/wrap-tests-with-act
An update to Dashboard inside a test was not wrapped in act(...).

When testing, code that causes React state updates should be wrapped into act(...):

act(() => {
  /* fire events that update state */
});
/* assert on the output */

This ensures that you're testing the behavior the user would see in the browser. Learn more at https://react.dev/link/wrap-tests-with-act
An update to Dashboard inside a test was not wrapped in act(...).

When testing, code that causes React state updates should be wrapped into act(...):

act(() => {
  /* fire events that update state */
});
/* assert on the output */

This ensures that you're testing the behavior the user would see in the browser. Learn more at https://react.dev/link/wrap-tests-with-act
An update to Dashboard inside a test was not wrapped in act(...).

When testing, code that causes React state updates should be wrapped into act(...):

act(() => {
  /* fire events that update state */
});
/* assert on the output */

This ensures that you're testing the behavior the user would see in the browser. Learn more at https://react.dev/link/wrap-tests-with-act

 [32mÎ“Â£Ã´[39m src/modules/Dashboard.test.tsx [2m([22m[2m5 tests[22m[2m)[22m[33m 544[2mms[22m[39m
 [32mÎ“Â£Ã´[39m src/components/ui/Input.test.tsx [2m([22m[2m3 tests[22m[2m)[22m[32m 281[2mms[22m[39m
 [32mÎ“Â£Ã´[39m src/components/ui/Button.test.tsx [2m([22m[2m4 tests[22m[2m)[22m[32m 263[2mms[22m[39m
[90mstdout[2m | src/store/__tests__/orgStore.test.ts[2m > [22m[2mOrgStore - Profile Management[2m > [22m[2mshould fetch organization profile from API
[22m[39m[fetchProfile] Starting profile fetch... orgId=auto
[fetchProfile] Resolved targetId: org-1, localStorage value: org-1

[90mstdout[2m | src/store/__tests__/orgStore.test.ts[2m > [22m[2mOrgStore - Profile Management[2m > [22m[2mshould fetch organization profile from API
[22m[39m[fetchProfile] Received org 'Test Org' in 1ms {
  id: [32m'org-1'[39m,
  name: [32m'Test Org'[39m,
  industry: [32m'Tech'[39m,
  currency: [32m'USD'[39m,
  taxYearEnd: [32m'December'[39m,
  country: [32m'USA'[39m
}

[90mstdout[2m | src/store/__tests__/orgStore.test.ts[2m > [22m[2mOrgStore - Profile Management[2m > [22m[2mshould save profile to API
[22m[39m[2026-01-22T10:30:33.139Z] [INFO] Profile saved successfully: { name: [32m'Saved Org'[39m }

[90mstdout[2m | src/store/__tests__/orgStore.test.ts[2m > [22m[2mOrgStore - Profile Management[2m > [22m[2mshould handle profile fetch error gracefully
[22m[39m[fetchProfile] Starting profile fetch... orgId=auto
[fetchProfile] Resolved targetId: org-1, localStorage value: org-1

stderr | src/store/__tests__/orgStore.test.ts > OrgStore - Profile Management > should handle profile fetch error gracefully
[fetchProfile] Failed to fetch persisted org org-1, falling back to list default

stderr | src/store/__tests__/orgStore.test.ts > OrgStore - Profile Management > should handle profile fetch error gracefully
[fetchProfile] Could not resolve any organization after 1ms

[90mstdout[2m | src/store/__tests__/orgStore.test.ts[2m > [22m[2mOrgStore - Master Data Fetching[2m > [22m[2mshould fetch all master data successfully
[22m[39m[2026-01-22T10:30:33.152Z] [INFO] [STRATEGY] Proceed with roadmap as planned.

stderr | src/store/__tests__/orgStore.test.ts > OrgStore - Master Data Fetching > should handle partial master data fetch failures
[fetchMasterData] Partial failure loading grades Error: Grades API failed
    at D:/Project/PEOPLE_OS/src/store/__tests__/orgStore.test.ts:216:50
    at file:///D:/Project/PEOPLE_OS/node_modules/@vitest/runner/dist/index.js:915:20

[90mstdout[2m | src/store/__tests__/orgStore.test.ts[2m > [22m[2mOrgStore - Master Data Fetching[2m > [22m[2mshould handle partial master data fetch failures
[22m[39m[2026-01-22T10:30:33.175Z] [INFO] [STRATEGY] Proceed with roadmap as planned.

stderr | src/store/__tests__/orgStore.test.ts > OrgStore - Department Management > should set loading state during department fetch
You called act(async () => ...) without await. This could lead to unexpected testing behaviour, interleaving multiple act calls and mixing their scopes. You should - await act(async () => ...);

stderr | src/store/__tests__/orgStore.test.ts > OrgStore - Department Management > should set loading state during department fetch
The current testing environment is not configured to support act(...)
The current testing environment is not configured to support act(...)

 [32mÎ“Â£Ã´[39m src/store/__tests__/orgStore.test.ts [2m([22m[2m16 tests[22m[2m | [22m[33m6 skipped[39m[2m)[22m[32m 219[2mms[22m[39m
 [32mÎ“Â£Ã´[39m src/modules/employee/PayrollTab.test.tsx [2m([22m[2m5 tests[22m[2m)[22m[32m 206[2mms[22m[39m
[90mstdout[2m | src/modules/Employee.integration.test.tsx
[22m[39m[2026-01-22T10:30:36.292Z] [INFO] Enforcing clean slate v3. Clearing local cache...

 [32mÎ“Â£Ã´[39m src/components/auth/__tests__/PermissionGate.test.tsx [2m([22m[2m22 tests[22m[2m)[22m[32m 94[2mms[22m[39m
 [32mÎ“Â£Ã´[39m tests/integration/critical-paths.test.ts [2m([22m[2m27 tests[22m[2m)[22m[32m 123[2mms[22m[39m
stderr | src/modules/Employee.integration.test.tsx > Employee Module Integration > renders the basic structure
In HTML, <div> cannot be a descendant of <p>.
This will cause a hydration error.

  <AllTheProviders>
    <ToastProvider>
      <RBACProvider>
        <Employee>
          <div className="max-w-[100...">
            <div>
            <div className="animate-in...">
              <EmployeeDashboard searchTerm="" setSearchTerm={function bound dispatchSetState} onAdd={function handleAdd} ...>
                <div className="space-y-12...">
                  <div>
                  <EmployeeStats>
                  <section className="p-1 border...">
                    <div className="flex flex-...">
                      <div>
                        <h3>
>                       <p
>                         className="text-text-muted font-black uppercase text-[0.6rem] tracking-[0.15em] flex items-c..."
>                       >
>                         <div data-testid="icon-sparkles" className="w-3 h-3 text-primary">
                          ...
                      ...
                    ...
                  ...
            ...
      ...

<p> cannot contain a nested <div>.
See this log for the ancestor stack trace.

 [32mÎ“Â£Ã´[39m src/modules/Employee.integration.test.tsx [2m([22m[2m4 tests[22m[2m)[22m[32m 189[2mms[22m[39m
 [32mÎ“Â£Ã´[39m src/components/auth/__tests__/RoleGuard.test.tsx [2m([22m[2m20 tests[22m[2m)[22m[32m 123[2mms[22m[39m
 [32mÎ“Â£Ã´[39m src/modules/payroll/PaystubModal.test.tsx [2m([22m[2m3 tests[22m[2m)[22m[32m 93[2mms[22m[39m
 [32mÎ“Â£Ã´[39m src/modules/employee/EmployeeMaster.test.tsx [2m([22m[2m8 tests[22m[2m)[22m[32m 96[2mms[22m[39m
 [32mÎ“Â£Ã´[39m src/modules/employee/EmployeeDetailHeader.test.tsx [2m([22m[2m4 tests[22m[2m)[22m[32m 109[2mms[22m[39m
 [32mÎ“Â£Ã´[39m src/modules/employee/EmployeeDashboard.test.tsx [2m([22m[2m4 tests[22m[2m)[22m[32m 119[2mms[22m[39m
 [32mÎ“Â£Ã´[39m src/components/StatsCard.test.tsx [2m([22m[2m4 tests[22m[2m)[22m[32m 90[2mms[22m[39m
 [32mÎ“Â£Ã´[39m src/modules/system-settings/admin/__tests__/DashboardOverview.test.tsx [2m([22m[2m3 tests[22m[2m)[22m[32m 86[2mms[22m[39m
stderr | src/modules/attendance/Attendance.test.tsx > Attendance Module > renders correctly and loads data
An update to Attendance inside a test was not wrapped in act(...).

When testing, code that causes React state updates should be wrapped into act(...):

act(() => {
  /* fire events that update state */
});
/* assert on the output */

This ensures that you're testing the behavior the user would see in the browser. Learn more at https://react.dev/link/wrap-tests-with-act
An update to Attendance inside a test was not wrapped in act(...).

When testing, code that causes React state updates should be wrapped into act(...):

act(() => {
  /* fire events that update state */
});
/* assert on the output */

This ensures that you're testing the behavior the user would see in the browser. Learn more at https://react.dev/link/wrap-tests-with-act

stderr | src/modules/attendance/Attendance.test.tsx > Attendance Module > switches tabs correctly
An update to Attendance inside a test was not wrapped in act(...).

When testing, code that causes React state updates should be wrapped into act(...):

act(() => {
  /* fire events that update state */
});
/* assert on the output */

This ensures that you're testing the behavior the user would see in the browser. Learn more at https://react.dev/link/wrap-tests-with-act
An update to Attendance inside a test was not wrapped in act(...).

When testing, code that causes React state updates should be wrapped into act(...):

act(() => {
  /* fire events that update state */
});
/* assert on the output */

This ensures that you're testing the behavior the user would see in the browser. Learn more at https://react.dev/link/wrap-tests-with-act

 [32mÎ“Â£Ã´[39m src/modules/attendance/Attendance.test.tsx [2m([22m[2m2 tests[22m[2m)[22m[32m 90[2mms[22m[39m
[90mstdout[2m | src/modules/Payroll.integration.test.tsx
[22m[39m[2026-01-22T10:30:49.692Z] [INFO] Enforcing clean slate v3. Clearing local cache...

 [32mÎ“Â£Ã´[39m src/modules/Payroll.integration.test.tsx [2m([22m[2m4 tests[22m[2m)[22m[32m 110[2mms[22m[39m
stderr | src/modules/system-settings/admin/__tests__/AIConfig.test.tsx > renders AIConfig component and all its sections
Invalid value for prop `icon` on <input> tag. Either remove it from the element, or pass a string or number value to keep it in the DOM. For details, see https://react.dev/link/attribute-behavior 
React does not recognize the `isLoading` prop on a DOM element. If you intentionally want it to appear in the DOM as a custom attribute, spell it as lowercase `isloading` instead. If you accidentally passed it from a parent component, remove it from the DOM element.

 [32mÎ“Â£Ã´[39m src/modules/system-settings/admin/__tests__/AIConfig.test.tsx [2m([22m[2m1 test[22m[2m)[22m[32m 74[2mms[22m[39m
 [32mÎ“Â£Ã´[39m src/modules/system-settings/admin/__tests__/DataManagement.test.tsx [2m([22m[2m2 tests[22m[2m)[22m[32m 59[2mms[22m[39m
 [32mÎ“Â£Ã´[39m src/contexts/RBACContext.test.tsx [2m([22m[2m4 tests[22m[2m)[22m[32m 46[2mms[22m[39m
 [32mÎ“Â£Ã´[39m src/modules/system-settings/admin/__tests__/APIManager.test.tsx [2m([22m[2m2 tests[22m[2m)[22m[32m 72[2mms[22m[39m
 [32mÎ“Â£Ã´[39m src/components/ui/Card.test.tsx [2m([22m[2m2 tests[22m[2m)[22m[32m 55[2mms[22m[39m
 [32mÎ“Â£Ã´[39m src/components/ui/Badge.test.tsx [2m([22m[2m2 tests[22m[2m)[22m[32m 51[2mms[22m[39m
[90mstdout[2m | src/services/geminiService.test.ts[2m > [22m[2mgeminiService[2m > [22m[2mtestGeminiConnection should return success on valid response
[22m[39m[2026-01-22T10:30:57.305Z] [INFO] Testing connection with model: gemini-2.5-flash...

stderr | src/services/geminiService.test.ts > geminiService > getFastInsight should fallback to FLASH_2_0 on error
[2026-01-22T10:30:57.308Z] [ERROR] Flash Error: Error: Flash 2.5 failed
    at D:/Project/PEOPLE_OS/src/services/geminiService.test.ts:99:47
    at file:///D:/Project/PEOPLE_OS/node_modules/@vitest/runner/dist/index.js:145:11
    at file:///D:/Project/PEOPLE_OS/node_modules/@vitest/runner/dist/index.js:915:26
    at file:///D:/Project/PEOPLE_OS/node_modules/@vitest/runner/dist/index.js:1243:20
    at new Promise (<anonymous>)
    at runWithTimeout (file:///D:/Project/PEOPLE_OS/node_modules/@vitest/runner/dist/index.js:1209:10)
    at file:///D:/Project/PEOPLE_OS/node_modules/@vitest/runner/dist/index.js:1653:37
    at Traces.$ (file:///D:/Project/PEOPLE_OS/node_modules/vitest/dist/chunks/traces.U4xDYhzZ.js:115:27)
    at trace (file:///D:/Project/PEOPLE_OS/node_modules/vitest/dist/chunks/test.B8ej_ZHS.js:239:21)
    at runTest (file:///D:/Project/PEOPLE_OS/node_modules/@vitest/runner/dist/index.js:1653:12)

stderr | src/services/geminiService.test.ts > geminiService > should handle AI initialization failure (missing key)
[2026-01-22T10:30:57.313Z] [WARN] Gemini API Key missing in both Store and Env

stderr | src/services/geminiService.test.ts > geminiService > analyzeCandidateProfile should fallback to PRO_2_5 on error
[2026-01-22T10:30:57.314Z] [ERROR] Candidate Analysis Error: Error: Pro 3.0 failed
    at D:/Project/PEOPLE_OS/src/services/geminiService.test.ts:142:47
    at file:///D:/Project/PEOPLE_OS/node_modules/@vitest/runner/dist/index.js:145:11
    at file:///D:/Project/PEOPLE_OS/node_modules/@vitest/runner/dist/index.js:915:26
    at file:///D:/Project/PEOPLE_OS/node_modules/@vitest/runner/dist/index.js:1243:20
    at new Promise (<anonymous>)
    at runWithTimeout (file:///D:/Project/PEOPLE_OS/node_modules/@vitest/runner/dist/index.js:1209:10)
    at file:///D:/Project/PEOPLE_OS/node_modules/@vitest/runner/dist/index.js:1653:37
    at Traces.$ (file:///D:/Project/PEOPLE_OS/node_modules/vitest/dist/chunks/traces.U4xDYhzZ.js:115:27)
    at trace (file:///D:/Project/PEOPLE_OS/node_modules/vitest/dist/chunks/test.B8ej_ZHS.js:239:21)
    at runTest (file:///D:/Project/PEOPLE_OS/node_modules/@vitest/runner/dist/index.js:1653:12)

[90mstdout[2m | src/services/geminiService.test.ts[2m > [22m[2mgeminiService[2m > [22m[2mtestGeminiConnection should try multiple models and return success
[22m[39m[2026-01-22T10:30:57.316Z] [INFO] Testing connection with model: gemini-2.5-flash...

[90mstdout[2m | src/services/geminiService.test.ts[2m > [22m[2mgeminiService[2m > [22m[2mtestGeminiConnection should try multiple models and return success
[22m[39m[2026-01-22T10:30:57.316Z] [INFO] Testing connection with model: gemini-1.5-flash...

stderr | src/services/geminiService.test.ts > geminiService > testGeminiConnection should try multiple models and return success
[2026-01-22T10:30:57.316Z] [WARN] Failed with gemini-2.5-flash: 429 Rate Limit

[90mstdout[2m | src/services/geminiService.test.ts[2m > [22m[2mgeminiService[2m > [22m[2mtestGeminiConnection should return failure if all models fail
[22m[39m[2026-01-22T10:30:57.317Z] [INFO] Testing connection with model: gemini-2.5-flash...

[90mstdout[2m | src/services/geminiService.test.ts[2m > [22m[2mgeminiService[2m > [22m[2mtestGeminiConnection should return failure if all models fail
[22m[39m[2026-01-22T10:30:57.317Z] [INFO] Testing connection with model: gemini-1.5-flash...

stderr | src/services/geminiService.test.ts > geminiService > testGeminiConnection should return failure if all models fail
[2026-01-22T10:30:57.317Z] [WARN] Failed with gemini-2.5-flash: Connection Failed

stderr | src/services/geminiService.test.ts > geminiService > testGeminiConnection should return failure if all models fail
[2026-01-22T10:30:57.318Z] [WARN] Failed with gemini-1.5-flash: Connection Failed

stderr | src/services/geminiService.test.ts > geminiService > testGeminiConnection should return failure if all models fail
[2026-01-22T10:30:57.318Z] [ERROR] Connection Test Error: Error: Connection Failed
    at D:/Project/PEOPLE_OS/src/services/geminiService.test.ts:168:43
    at file:///D:/Project/PEOPLE_OS/node_modules/@vitest/runner/dist/index.js:145:11
    at file:///D:/Project/PEOPLE_OS/node_modules/@vitest/runner/dist/index.js:915:26
    at file:///D:/Project/PEOPLE_OS/node_modules/@vitest/runner/dist/index.js:1243:20
    at new Promise (<anonymous>)
    at runWithTimeout (file:///D:/Project/PEOPLE_OS/node_modules/@vitest/runner/dist/index.js:1209:10)
    at file:///D:/Project/PEOPLE_OS/node_modules/@vitest/runner/dist/index.js:1653:37
    at Traces.$ (file:///D:/Project/PEOPLE_OS/node_modules/vitest/dist/chunks/traces.U4xDYhzZ.js:115:27)
    at trace (file:///D:/Project/PEOPLE_OS/node_modules/vitest/dist/chunks/test.B8ej_ZHS.js:239:21)
    at runTest (file:///D:/Project/PEOPLE_OS/node_modules/@vitest/runner/dist/index.js:1653:12)

[90mstdout[2m | src/services/geminiService.test.ts[2m > [22m[2mgeminiService[2m > [22m[2mtestGeminiConnection should handle Quota Exceeded (429) error
[22m[39m[2026-01-22T10:30:57.319Z] [INFO] Testing connection with model: gemini-2.5-flash...

stderr | src/services/geminiService.test.ts > geminiService > testGeminiConnection should handle Quota Exceeded (429) error
[2026-01-22T10:30:57.319Z] [WARN] Failed with gemini-2.5-flash: 429 RESOURCE_EXHAUSTED

[90mstdout[2m | src/services/geminiService.test.ts[2m > [22m[2mgeminiService[2m > [22m[2mtestGeminiConnection should handle Quota Exceeded (429) error
[22m[39m[2026-01-22T10:30:57.320Z] [INFO] Testing connection with model: gemini-1.5-flash...

stderr | src/services/geminiService.test.ts > geminiService > testGeminiConnection should handle Quota Exceeded (429) error
[2026-01-22T10:30:57.320Z] [WARN] Failed with gemini-1.5-flash: 429 RESOURCE_EXHAUSTED

stderr | src/services/geminiService.test.ts > geminiService > testGeminiConnection should handle Quota Exceeded (429) error
[2026-01-22T10:30:57.320Z] [ERROR] Connection Test Error: Error: 429 RESOURCE_EXHAUSTED
    at D:/Project/PEOPLE_OS/src/services/geminiService.test.ts:177:43
    at file:///D:/Project/PEOPLE_OS/node_modules/@vitest/runner/dist/index.js:145:11
    at file:///D:/Project/PEOPLE_OS/node_modules/@vitest/runner/dist/index.js:915:26
    at file:///D:/Project/PEOPLE_OS/node_modules/@vitest/runner/dist/index.js:1243:20
    at new Promise (<anonymous>)
    at runWithTimeout (file:///D:/Project/PEOPLE_OS/node_modules/@vitest/runner/dist/index.js:1209:10)
    at file:///D:/Project/PEOPLE_OS/node_modules/@vitest/runner/dist/index.js:1653:37
    at Traces.$ (file:///D:/Project/PEOPLE_OS/node_modules/vitest/dist/chunks/traces.U4xDYhzZ.js:115:27)
    at trace (file:///D:/Project/PEOPLE_OS/node_modules/vitest/dist/chunks/test.B8ej_ZHS.js:239:21)
    at runTest (file:///D:/Project/PEOPLE_OS/node_modules/@vitest/runner/dist/index.js:1653:12)

stderr | src/services/geminiService.test.ts > geminiService > predictTurnover should return null on failure
[2026-01-22T10:30:57.322Z] [ERROR] Turnover Prediction Error: Error: AI Error
    at D:/Project/PEOPLE_OS/src/services/geminiService.test.ts:194:43
    at file:///D:/Project/PEOPLE_OS/node_modules/@vitest/runner/dist/index.js:145:11
    at file:///D:/Project/PEOPLE_OS/node_modules/@vitest/runner/dist/index.js:915:26
    at file:///D:/Project/PEOPLE_OS/node_modules/@vitest/runner/dist/index.js:1243:20
    at new Promise (<anonymous>)
    at runWithTimeout (file:///D:/Project/PEOPLE_OS/node_modules/@vitest/runner/dist/index.js:1209:10)
    at file:///D:/Project/PEOPLE_OS/node_modules/@vitest/runner/dist/index.js:1653:37
    at Traces.$ (file:///D:/Project/PEOPLE_OS/node_modules/vitest/dist/chunks/traces.U4xDYhzZ.js:115:27)
    at trace (file:///D:/Project/PEOPLE_OS/node_modules/vitest/dist/chunks/test.B8ej_ZHS.js:239:21)
    at runTest (file:///D:/Project/PEOPLE_OS/node_modules/@vitest/runner/dist/index.js:1653:12)

 [32mÎ“Â£Ã´[39m src/services/geminiService.test.ts [2m([22m[2m14 tests[22m[2m)[22m[32m 29[2mms[22m[39m
stderr | src/services/__tests__/api-auth.test.ts > API Service - Authentication > checkHealth() > should return offline status when backend is down
Health check failed Error: Network error
    at D:/Project/PEOPLE_OS/src/services/__tests__/api-auth.test.ts:267:57
    at file:///D:/Project/PEOPLE_OS/node_modules/@vitest/runner/dist/index.js:145:11
    at file:///D:/Project/PEOPLE_OS/node_modules/@vitest/runner/dist/index.js:915:26
    at file:///D:/Project/PEOPLE_OS/node_modules/@vitest/runner/dist/index.js:1243:20
    at new Promise (<anonymous>)
    at runWithTimeout (file:///D:/Project/PEOPLE_OS/node_modules/@vitest/runner/dist/index.js:1209:10)
    at file:///D:/Project/PEOPLE_OS/node_modules/@vitest/runner/dist/index.js:1653:37
    at Traces.$ (file:///D:/Project/PEOPLE_OS/node_modules/vitest/dist/chunks/traces.U4xDYhzZ.js:115:27)
    at trace (file:///D:/Project/PEOPLE_OS/node_modules/vitest/dist/chunks/test.B8ej_ZHS.js:239:21)
    at runTest (file:///D:/Project/PEOPLE_OS/node_modules/@vitest/runner/dist/index.js:1653:12)

 [32mÎ“Â£Ã´[39m src/services/__tests__/api-auth.test.ts [2m([22m[2m18 tests[22m[2m)[22m[32m 34[2mms[22m[39m
[90mstdout[2m | src/services/api.test.ts
[22m[39m[2026-01-22T10:30:59.529Z] [INFO] Enforcing clean slate v3. Clearing local cache...

[90mstdout[2m | src/services/api.test.ts[2m > [22m[2mApiService (Stateless Proxy)[2m > [22m[2mCore Data Methods[2m > [22m[2mshould fetch employees
[22m[39m[2026-01-22T10:30:59.538Z] [DEBUG] [request] Starting GET http://localhost:8000/api/v1/employees

[90mstdout[2m | src/services/api.test.ts[2m > [22m[2mApiService (Stateless Proxy)[2m > [22m[2mCore Data Methods[2m > [22m[2mshould fetch employees
[22m[39m[2026-01-22T10:30:59.539Z] [DEBUG] [request] Completed GET http://localhost:8000/api/v1/employees in 0ms, status: undefined

[90mstdout[2m | src/services/api.test.ts[2m > [22m[2mApiService (Stateless Proxy)[2m > [22m[2mCore Data Methods[2m > [22m[2mshould save employee
[22m[39m[2026-01-22T10:30:59.545Z] [DEBUG] [request] Starting POST http://localhost:8000/api/v1/employees

[90mstdout[2m | src/services/api.test.ts[2m > [22m[2mApiService (Stateless Proxy)[2m > [22m[2mCore Data Methods[2m > [22m[2mshould save employee
[22m[39m[2026-01-22T10:30:59.545Z] [DEBUG] [request] Completed POST http://localhost:8000/api/v1/employees in 0ms, status: undefined

[90mstdout[2m | src/services/api.test.ts[2m > [22m[2mApiService (Stateless Proxy)[2m > [22m[2mCore Data Methods[2m > [22m[2mshould delete employee
[22m[39m[2026-01-22T10:30:59.547Z] [DEBUG] [request] Starting DELETE http://localhost:8000/api/v1/employees/123

[90mstdout[2m | src/services/api.test.ts[2m > [22m[2mApiService (Stateless Proxy)[2m > [22m[2mCore Data Methods[2m > [22m[2mshould delete employee
[22m[39m[2026-01-22T10:30:59.547Z] [DEBUG] [request] Completed DELETE http://localhost:8000/api/v1/employees/123 in 0ms, status: 200

[90mstdout[2m | src/services/api.test.ts[2m > [22m[2mApiService (Stateless Proxy)[2m > [22m[2mOrganization Structure[2m > [22m[2mshould fetch plants/locations
[22m[39m[2026-01-22T10:30:59.548Z] [DEBUG] [request] Starting GET http://localhost:8000/api/v1/plants

[90mstdout[2m | src/services/api.test.ts[2m > [22m[2mApiService (Stateless Proxy)[2m > [22m[2mOrganization Structure[2m > [22m[2mshould fetch plants/locations
[22m[39m[2026-01-22T10:30:59.548Z] [DEBUG] [request] Completed GET http://localhost:8000/api/v1/plants in 0ms, status: 200

[90mstdout[2m | src/services/api.test.ts[2m > [22m[2mApiService (Stateless Proxy)[2m > [22m[2mOrganization Structure[2m > [22m[2mshould fetch departments
[22m[39m[2026-01-22T10:30:59.549Z] [DEBUG] [request] Starting GET http://localhost:8000/api/v1/departments

[90mstdout[2m | src/services/api.test.ts[2m > [22m[2mApiService (Stateless Proxy)[2m > [22m[2mOrganization Structure[2m > [22m[2mshould fetch departments
[22m[39m[2026-01-22T10:30:59.550Z] [DEBUG] [request] Completed GET http://localhost:8000/api/v1/departments in 0ms, status: 200

[90mstdout[2m | src/services/api.test.ts[2m > [22m[2mApiService (Stateless Proxy)[2m > [22m[2mError Handling[2m > [22m[2mshould return empty array on get failure
[22m[39m[2026-01-22T10:30:59.551Z] [DEBUG] [request] Starting GET http://localhost:8000/api/v1/employees

[90mstdout[2m | src/services/api.test.ts[2m > [22m[2mApiService (Stateless Proxy)[2m > [22m[2mError Handling[2m > [22m[2mshould return empty array on get failure
[22m[39m[2026-01-22T10:30:59.551Z] [DEBUG] [request] Completed GET http://localhost:8000/api/v1/employees in 0ms, status: 500

stderr | src/services/api.test.ts > ApiService (Stateless Proxy) > Error Handling > should return empty array on get failure
[2026-01-22T10:30:59.551Z] [WARN] Backend unavailable, returning empty array for employees Error: Network response was not ok
    at ApiService.getEmployees (D:/Project/PEOPLE_OS/src/services/api.ts:383:15)
    at processTicksAndRejections (node:internal/process/task_queues:103:5)
    at D:/Project/PEOPLE_OS/src/services/api.test.ts:81:22
    at file:///D:/Project/PEOPLE_OS/node_modules/@vitest/runner/dist/index.js:915:20

[90mstdout[2m | src/services/api.test.ts[2m > [22m[2mApiService (Stateless Proxy)[2m > [22m[2mError Handling[2m > [22m[2mshould throw on save failure
[22m[39m[2026-01-22T10:30:59.560Z] [DEBUG] [request] Starting POST http://localhost:8000/api/v1/employees

[90mstdout[2m | src/services/api.test.ts[2m > [22m[2mApiService (Stateless Proxy)[2m > [22m[2mError Handling[2m > [22m[2mshould throw on save failure
[22m[39m[2026-01-22T10:30:59.561Z] [DEBUG] [request] Completed POST http://localhost:8000/api/v1/employees in 0ms, status: 500

stderr | src/services/api.test.ts > ApiService (Stateless Proxy) > Error Handling > should throw on save failure
[2026-01-22T10:30:59.561Z] [ERROR] Failed to save employee to backend Error: Backend error: undefined
    at ApiService.saveEmployee (D:/Project/PEOPLE_OS/src/services/api.ts:664:15)
    at processTicksAndRejections (node:internal/process/task_queues:103:5)
    at D:/Project/PEOPLE_OS/src/services/api.test.ts:87:7
    at file:///D:/Project/PEOPLE_OS/node_modules/@vitest/runner/dist/index.js:915:20

[90mstdout[2m | src/services/api.test.ts[2m > [22m[2mApiService (Stateless Proxy)[2m > [22m[2mSystem[2m > [22m[2mshould fetch logs
[22m[39m[2026-01-22T10:30:59.564Z] [DEBUG] [request] Starting GET http://localhost:8000/api/v1/audit-logs?skip=0&limit=100

[90mstdout[2m | src/services/api.test.ts[2m > [22m[2mApiService (Stateless Proxy)[2m > [22m[2mSystem[2m > [22m[2mshould fetch logs
[22m[39m[2026-01-22T10:30:59.564Z] [DEBUG] [request] Completed GET http://localhost:8000/api/v1/audit-logs?skip=0&limit=100 in 0ms, status: 200

 [32mÎ“Â£Ã´[39m src/services/api.test.ts [2m([22m[2m8 tests[22m[2m)[22m[32m 29[2mms[22m[39m
[90mstdout[2m | verification/SystemSettingsPersistence.test.ts
[22m[39m[2026-01-22T10:31:00.409Z] [INFO] Enforcing clean slate v3. Clearing local cache...

[90mstdout[2m | verification/SystemSettingsPersistence.test.ts[2m > [22m[2mSystemSettingsPersistence[2m > [22m[2mshould save System Flags to LocalStorage when backend fails
[22m[39m[2026-01-22T10:31:00.418Z] [DEBUG] [request] Starting POST http://localhost:8000/api/v1/system/flags

[90mstdout[2m | verification/SystemSettingsPersistence.test.ts[2m > [22m[2mSystemSettingsPersistence[2m > [22m[2mshould save System Flags to LocalStorage when backend fails
[22m[39m[2026-01-22T10:31:00.419Z] [DEBUG] [request] Completed POST http://localhost:8000/api/v1/system/flags in 0ms, status: undefined

stderr | verification/SystemSettingsPersistence.test.ts > SystemSettingsPersistence > should save System Flags to LocalStorage when backend fails
Backend unavailable, saving system flags to LocalStorage

[90mstdout[2m | verification/SystemSettingsPersistence.test.ts[2m > [22m[2mSystemSettingsPersistence[2m > [22m[2mshould save Notification Settings to LocalStorage when backend fails
[22m[39m[2026-01-22T10:31:00.424Z] [DEBUG] [request] Starting POST http://localhost:8000/api/v1/notifications/config

[90mstdout[2m | verification/SystemSettingsPersistence.test.ts[2m > [22m[2mSystemSettingsPersistence[2m > [22m[2mshould save Notification Settings to LocalStorage when backend fails
[22m[39m[2026-01-22T10:31:00.424Z] [DEBUG] [request] Completed POST http://localhost:8000/api/v1/notifications/config in 0ms, status: undefined

stderr | verification/SystemSettingsPersistence.test.ts > SystemSettingsPersistence > should save Notification Settings to LocalStorage when backend fails
Backend unavailable, saving notification settings to LocalStorage

[90mstdout[2m | verification/SystemSettingsPersistence.test.ts[2m > [22m[2mSystemSettingsPersistence[2m > [22m[2mshould save AI Settings to LocalStorage when backend fails
[22m[39m[2026-01-22T10:31:00.425Z] [DEBUG] [request] Starting POST http://localhost:8000/api/v1/system/ai

[90mstdout[2m | verification/SystemSettingsPersistence.test.ts[2m > [22m[2mSystemSettingsPersistence[2m > [22m[2mshould save AI Settings to LocalStorage when backend fails
[22m[39m[2026-01-22T10:31:00.425Z] [DEBUG] [request] Completed POST http://localhost:8000/api/v1/system/ai in 0ms, status: undefined

stderr | verification/SystemSettingsPersistence.test.ts > SystemSettingsPersistence > should save AI Settings to LocalStorage when backend fails
Backend unavailable, saving AI settings to LocalStorage

[90mstdout[2m | verification/SystemSettingsPersistence.test.ts[2m > [22m[2mSystemSettingsPersistence[2m > [22m[2mshould create API Key in LocalStorage when backend fails
[22m[39m[2026-01-22T10:31:00.427Z] [DEBUG] [request] Starting POST http://localhost:8000/api/v1/system/api-keys

[90mstdout[2m | verification/SystemSettingsPersistence.test.ts[2m > [22m[2mSystemSettingsPersistence[2m > [22m[2mshould create API Key in LocalStorage when backend fails
[22m[39m[2026-01-22T10:31:00.427Z] [DEBUG] [request] Completed POST http://localhost:8000/api/v1/system/api-keys in 0ms, status: undefined

stderr | verification/SystemSettingsPersistence.test.ts > SystemSettingsPersistence > should create API Key in LocalStorage when backend fails
Backend unavailable, using LocalStorage for API Key

[90mstdout[2m | verification/SystemSettingsPersistence.test.ts[2m > [22m[2mSystemSettingsPersistence[2m > [22m[2mshould create Webhook in LocalStorage when backend fails
[22m[39m[2026-01-22T10:31:00.429Z] [DEBUG] [request] Starting POST http://localhost:8000/api/v1/system/webhooks

[90mstdout[2m | verification/SystemSettingsPersistence.test.ts[2m > [22m[2mSystemSettingsPersistence[2m > [22m[2mshould create Webhook in LocalStorage when backend fails
[22m[39m[2026-01-22T10:31:00.430Z] [DEBUG] [request] Completed POST http://localhost:8000/api/v1/system/webhooks in 0ms, status: undefined

stderr | verification/SystemSettingsPersistence.test.ts > SystemSettingsPersistence > should create Webhook in LocalStorage when backend fails
Backend unavailable, using LocalStorage for Webhook

 [32mÎ“Â£Ã´[39m verification/SystemSettingsPersistence.test.ts [2m([22m[2m5 tests[22m[2m)[22m[32m 16[2mms[22m[39m
[90mstdout[2m | src/services/__tests__/openaiService.test.ts[2m > [22m[2mOpenAI Service[2m > [22m[2mChat Response Generation[2m > [22m[2mshould handle empty history gracefully
[22m[39m[2026-01-22T10:31:01.199Z] [INFO] Chat request received (Stub): Hello

[90mstdout[2m | src/services/__tests__/openaiService.test.ts[2m > [22m[2mOpenAI Service[2m > [22m[2mChat Response Generation[2m > [22m[2mshould include safety measures in prompts
[22m[39m[2026-01-22T10:31:01.201Z] [INFO] Chat request received (Stub): Test

[90mstdout[2m | src/services/__tests__/openaiService.test.ts[2m > [22m[2mOpenAI Service[2m > [22m[2mError Handling[2m > [22m[2mshould gracefully handle API errors
[22m[39m[2026-01-22T10:31:01.202Z] [INFO] Chat request received (Stub): Test message

[90mstdout[2m | src/services/__tests__/openaiService.test.ts[2m > [22m[2mOpenAI Service[2m > [22m[2mError Handling[2m > [22m[2mshould provide fallback responses
[22m[39m[2026-01-22T10:31:01.202Z] [INFO] Chat request received (Stub): Test

 [32mÎ“Â£Ã´[39m src/services/__tests__/openaiService.test.ts [2m([22m[2m7 tests[22m[2m)[22m[32m 10[2mms[22m[39m
 [32mÎ“Â£Ã´[39m src/services/__tests__/validationService.test.ts [2m([22m[2m11 tests[22m[2m)[22m[32m 8[2mms[22m[39m
 [32mÎ“Â£Ã´[39m src/utils/secureStorage.test.ts [2m([22m[2m7 tests[22m[2m)[22m[32m 7[2mms[22m[39m
 [32mÎ“Â£Ã´[39m src/modules/system-settings/admin/__tests__/sanity.test.tsx [2m([22m[2m1 test[22m[2m)[22m[32m 3[2mms[22m[39m

Î“Ã„Â»Î“Ã„Â»Î“Ã„Â»Î“Ã„Â»Î“Ã„Â»Î“Ã„Â» Failed Suites 2 Î“Ã„Â»Î“Ã„Â»Î“Ã„Â»Î“Ã„Â»Î“Ã„Â»Î“Ã„Â»Î“Ã„Â»

 FAIL  src/modules/employee/EmployeeTabs.test.tsx [ src/modules/employee/EmployeeTabs.test.tsx ]
Error: Transform failed with 1 error:
D:/Project/PEOPLE_OS/src/modules/employee/EmployeeTabs.test.tsx:181:6: ERROR: Unexpected ")"
  Plugin: vite:esbuild
  File: D:/Project/PEOPLE_OS/src/modules/employee/EmployeeTabs.test.tsx:181:6
  
  Unexpected ")"
  179|      });
  180|          expect.arrayContaining([expect.objectContaining({ name: '', relationship: 'Child' })])
  181|        );
     |        ^
  182|      });
  183|  
  
 Î“Â¥Â» failureErrorWithLog node_modules/esbuild/lib/main.js:1467:15
 Î“Â¥Â» node_modules/esbuild/lib/main.js:736:50
 Î“Â¥Â» responseCallbacks.<computed> node_modules/esbuild/lib/main.js:603:9
 Î“Â¥Â» handleIncomingPacket node_modules/esbuild/lib/main.js:658:12
 Î“Â¥Â» Socket.readFromStdout node_modules/esbuild/lib/main.js:581:7

Î“Ã„Â»Î“Ã„Â»Î“Ã„Â»Î“Ã„Â»Î“Ã„Â»Î“Ã„Â»Î“Ã„Â»Î“Ã„Â»Î“Ã„Â»Î“Ã„Â»Î“Ã„Â»Î“Ã„Â»Î“Ã„Â»Î“Ã„Â»Î“Ã„Â»Î“Ã„Â»Î“Ã„Â»Î“Ã„Â»Î“Ã„Â»Î“Ã„Â»Î“Ã„Â»Î“Ã„Â»Î“Ã„Â»Î“Ã„Â»[1/2]Î“Ã„Â»

 FAIL  src/modules/system-settings/admin/__tests__/UserManagement.test.tsx [ src/modules/system-settings/admin/__tests__/UserManagement.test.tsx ]
Error: Transform failed with 1 error:
D:/Project/PEOPLE_OS/src/modules/system-settings/admin/__tests__/UserManagement.test.tsx:204:0: ERROR: Unexpected "}"
  Plugin: vite:esbuild
  File: D:/Project/PEOPLE_OS/src/modules/system-settings/admin/__tests__/UserManagement.test.tsx:204:0
  
  Unexpected "}"
  202|    expect(screen.getByRole('button', { name: /Add/i })).toBeDefined();
  203|  });
  204|  });
     |  ^
  205|  
  
 Î“Â¥Â» failureErrorWithLog node_modules/esbuild/lib/main.js:1467:15
 Î“Â¥Â» node_modules/esbuild/lib/main.js:736:50
 Î“Â¥Â» responseCallbacks.<computed> node_modules/esbuild/lib/main.js:603:9
 Î“Â¥Â» handleIncomingPacket node_modules/esbuild/lib/main.js:658:12
 Î“Â¥Â» Socket.readFromStdout node_modules/esbuild/lib/main.js:581:7

Î“Ã„Â»Î“Ã„Â»Î“Ã„Â»Î“Ã„Â»Î“Ã„Â»Î“Ã„Â»Î“Ã„Â»Î“Ã„Â»Î“Ã„Â»Î“Ã„Â»Î“Ã„Â»Î“Ã„Â»Î“Ã„Â»Î“Ã„Â»Î“Ã„Â»Î“Ã„Â»Î“Ã„Â»Î“Ã„Â»Î“Ã„Â»Î“Ã„Â»Î“Ã„Â»Î“Ã„Â»Î“Ã„Â»Î“Ã„Â»[2/2]Î“Ã„Â»


[2m Test Files [22m [1m[31m2 failed[39m[22m[2m | [22m[1m[32m36 passed[39m[22m[90m (38)[39m
[2m      Tests [22m [1m[32m232 passed[39m[22m[2m | [22m[33m6 skipped[39m[90m (238)[39m
[2m   Start at [22m 15:30:17
[2m   Duration [22m 46.04s[2m (transform 3.18s, setup 11.79s, import 14.61s, tests 5.46s, environment 88.31s)[22m

