src/modules/offboarding/index.tsx(152,18): error TS2552: Cannot find name 'Filter'. Did you mean 'File'?
src/modules/offboarding/index.tsx(203,26): error TS2304: Cannot find name 'ArrowUpRight'.
src/modules/offboarding/index.tsx(236,47): error TS2552: Cannot find name 'Clock'. Did you mean 'Lock'?
src/modules/offboarding/index.tsx(257,20): error TS2304: Cannot find name 'RefreshCw'.
src/modules/offboarding/index.tsx(270,17): error TS2607: JSX element class does not support attributes because it does not have a 'props' property.
src/modules/offboarding/index.tsx(270,18): error TS2786: 'History' cannot be used as a JSX component.
  Its type '{ new (): History; prototype: History; }' is not a valid JSX element type.
    Type '{ new (): History; prototype: History; }' is not assignable to type 'new (props: any, context: any) => Component<any, any, any>'.
      Type 'History' is missing the following properties from type 'Component<any, any, any>': context, setState, forceUpdate, render, props
src/modules/org-setup/DepartmentManagement.tsx(18,5): error TS6133: 'profile' is declared but its value is never read.
src/modules/org-setup/DepartmentManagement.tsx(160,15): error TS2322: Type '"default"' is not assignable to type '"primary" | "outline" | "secondary" | "ghost" | "danger" | null | undefined'.
src/modules/org-setup/DesignationManagement.tsx(93,12): error TS2304: Cannot find name 'grades'.
src/modules/org-setup/DesignationManagement.tsx(93,25): error TS7006: Parameter 'g' implicitly has an 'any' type.
src/modules/org-setup/DesignationManagement.tsx(128,12): error TS2552: Cannot find name 'designations'. Did you mean 'addDesignation'?
src/modules/org-setup/DesignationManagement.tsx(128,30): error TS7006: Parameter 'desig' implicitly has an 'any' type.
src/modules/org-setup/DesignationManagement.tsx(167,12): error TS2552: Cannot find name 'designations'. Did you mean 'addDesignation'?
src/modules/org-setup/DesignationManagement.tsx(201,16): error TS2304: Cannot find name 'grades'.
src/modules/org-setup/DesignationManagement.tsx(201,28): error TS7006: Parameter 'grade' implicitly has an 'any' type.
src/modules/org-setup/LeadershipManagement.tsx(201,24): error TS2304: Cannot find name 'CheckCircle2'.
