src/components/ui/SearchInput.tsx(3,1): error TS6133: 'cn' is declared but its value is never read.
src/modules/offboarding/index.tsx(7,3): error TS6133: 'Search' is declared but its value is never read.
src/modules/org-setup/DepartmentManagement.tsx(9,1): error TS6133: 'Modal' is declared but its value is never read.
src/modules/org-setup/DepartmentManagement.tsx(18,5): error TS6133: 'profile' is declared but its value is never read.
src/modules/org-setup/DepartmentManagement.tsx(160,15): error TS2322: Type '"default"' is not assignable to type '"primary" | "outline" | "secondary" | "ghost" | "danger" | null | undefined'.
src/modules/org-setup/DepartmentManagement.tsx(216,29): error TS2322: Type '"icon"' is not assignable to type '"sm" | "md" | "lg" | null | undefined'.
src/modules/org-setup/DepartmentManagement.tsx(225,29): error TS2322: Type '"icon"' is not assignable to type '"sm" | "md" | "lg" | null | undefined'.
src/modules/org-setup/DepartmentManagement.tsx(233,29): error TS2322: Type '"icon"' is not assignable to type '"sm" | "md" | "lg" | null | undefined'.
src/modules/org-setup/DepartmentManagement.tsx(262,33): error TS2322: Type '"icon"' is not assignable to type '"sm" | "md" | "lg" | null | undefined'.
src/modules/org-setup/DepartmentManagement.tsx(270,33): error TS2322: Type '"icon"' is not assignable to type '"sm" | "md" | "lg" | null | undefined'.
src/modules/org-setup/DepartmentManagement.tsx(301,9): error TS2322: Type '{ children: Element; isOpen: boolean; onClose: () => void; title: string; onSubmit: () => Promise<void>; size: "md"; }' is not assignable to type 'IntrinsicAttributes & FormModalProps'.
  Property 'onSubmit' does not exist on type 'IntrinsicAttributes & FormModalProps'.
src/modules/org-setup/DepartmentManagement.tsx(327,9): error TS2322: Type '{ children: Element; isOpen: boolean; onClose: () => void; title: string; onSubmit: () => Promise<void>; submitLabel: string; submitVariant: string; size: "sm"; }' is not assignable to type 'IntrinsicAttributes & FormModalProps'.
  Property 'onSubmit' does not exist on type 'IntrinsicAttributes & FormModalProps'.
src/modules/org-setup/DesignationManagement.tsx(2,49): error TS6133: 'Star' is declared but its value is never read.
src/modules/org-setup/DesignationManagement.tsx(2,55): error TS6133: 'TrendingUp' is declared but its value is never read.
src/modules/org-setup/DesignationManagement.tsx(18,5): error TS6133: 'profile' is declared but its value is never read.
src/modules/org-setup/DesignationManagement.tsx(21,5): error TS6133: 'jobLevels' is declared but its value is never read.
src/modules/org-setup/DesignationManagement.tsx(189,9): error TS2322: Type '{ children: Element; isOpen: boolean; onClose: () => void; title: string; onSubmit: () => Promise<void>; submitLabel: string; }' is not assignable to type 'IntrinsicAttributes & FormModalProps'.
  Property 'onSubmit' does not exist on type 'IntrinsicAttributes & FormModalProps'.
src/modules/org-setup/DesignationManagement.tsx(241,9): error TS2322: Type '{ children: Element; isOpen: boolean; onClose: () => void; title: string; maxWidth: string; }' is not assignable to type 'IntrinsicAttributes & ModalProps'.
  Property 'maxWidth' does not exist on type 'IntrinsicAttributes & ModalProps'.
src/modules/org-setup/DesignationManagement.tsx(251,21): error TS2322: Type '"destructive"' is not assignable to type '"primary" | "outline" | "secondary" | "ghost" | "danger" | null | undefined'.
src/modules/org-setup/LeadershipManagement.tsx(2,45): error TS6133: 'Save' is declared but its value is never read.
src/modules/org-setup/LeadershipManagement.tsx(4,1): error TS6133: 'Button' is declared but its value is never read.
src/modules/org-setup/LeadershipManagement.tsx(188,43): error TS2551: Property 'employeeId' does not exist on type 'Employee'. Did you mean 'employeeCode'?
src/modules/org-setup/LeadershipManagement.tsx(188,64): error TS2551: Property 'employeeId' does not exist on type 'Employee'. Did you mean 'employeeCode'?
src/modules/org-setup/LeadershipManagement.tsx(189,32): error TS2339: Property 'role' does not exist on type 'Employee'.
